Building DAG of jobs...
File path /lustre/fs4/risc_lab/scratch/ascortea/Chicken_test/fastqs//cRBCR2_TR1_300gy_2W_S2_R1_001.fastq.gz contains double '/'. This is likely unintended. It can also lead to inconsistent results of the file-matching approach used by Snakemake.
File path /lustre/fs4/risc_lab/scratch/ascortea/Chicken_test/fastqs//cRBCR2_TR1_300gy_2W_S2_R2_001.fastq.gz contains double '/'. This is likely unintended. It can also lead to inconsistent results of the file-matching approach used by Snakemake.
Using shell: /usr/bin/bash
Provided cores: 4
Rules claiming more threads will be scaled down.
Job counts:
	count	jobs
	1	alignInserts
	1	all
	1	fastqcAndScreen
	1	filterBam
	1	mergeBamIfNecessary
	1	qualityFilter
	1	removeDuplicates
	1	sortBam
	1	trimAdapters
	9

[Fri Feb  4 09:42:35 2022]
rule trimAdapters:
    input: /lustre/fs4/risc_lab/scratch/ascortea/Chicken_test/fastqs//cRBCR2_TR1_300gy_2W_S2_R1_001.fastq.gz, /lustre/fs4/risc_lab/scratch/ascortea/Chicken_test/fastqs//cRBCR2_TR1_300gy_2W_S2_R2_001.fastq.gz
    output: cRBCR2_TR1_300gy_2W/cRBCR2_TR1_300gy_2W_S2_R1_001.trim.fastq.gz, cRBCR2_TR1_300gy_2W/cRBCR2_TR1_300gy_2W_S2_R2_001.trim.fastq.gz
    jobid: 8
    wildcards: pre_tag=cRBCR2_TR1_300gy_2W_S2, post_tag=001

[Fri Feb  4 09:45:08 2022]
Finished job 8.
1 of 9 steps (11%) done

[Fri Feb  4 09:45:08 2022]
rule fastqcAndScreen:
    input: cRBCR2_TR1_300gy_2W/cRBCR2_TR1_300gy_2W_S2_R1_001.trim.fastq.gz, cRBCR2_TR1_300gy_2W/cRBCR2_TR1_300gy_2W_S2_R2_001.trim.fastq.gz
    output: cRBCR2_TR1_300gy_2W/cRBCR2_TR1_300gy_2W_S2_R1_001.trim_fastqc.html, cRBCR2_TR1_300gy_2W/cRBCR2_TR1_300gy_2W_S2_R1_001.trim_fastqc.zip, cRBCR2_TR1_300gy_2W/cRBCR2_TR1_300gy_2W_S2_R1_001.trim_screen.html, cRBCR2_TR1_300gy_2W/cRBCR2_TR1_300gy_2W_S2_R1_001.trim_screen.png, cRBCR2_TR1_300gy_2W/cRBCR2_TR1_300gy_2W_S2_R1_001.trim_screen.txt, cRBCR2_TR1_300gy_2W/cRBCR2_TR1_300gy_2W_S2_R2_001.trim_fastqc.html, cRBCR2_TR1_300gy_2W/cRBCR2_TR1_300gy_2W_S2_R2_001.trim_fastqc.zip, cRBCR2_TR1_300gy_2W/cRBCR2_TR1_300gy_2W_S2_R2_001.trim_screen.html, cRBCR2_TR1_300gy_2W/cRBCR2_TR1_300gy_2W_S2_R2_001.trim_screen.png, cRBCR2_TR1_300gy_2W/cRBCR2_TR1_300gy_2W_S2_R2_001.trim_screen.txt, cRBCR2_TR1_300gy_2W/cRBCR2_TR1_300gy_2W_S2_R1_001.trim.fastq, cRBCR2_TR1_300gy_2W/cRBCR2_TR1_300gy_2W_S2_R2_001.trim.fastq
    jobid: 7
    wildcards: pre_tag=cRBCR2_TR1_300gy_2W_S2, post_tag=001
    threads: 4

Will exit after finishing currently running jobs.
Removing output files of failed job fastqcAndScreen since they might be corrupted:
cRBCR2_TR1_300gy_2W/cRBCR2_TR1_300gy_2W_S2_R1_001.trim_fastqc.html, cRBCR2_TR1_300gy_2W/cRBCR2_TR1_300gy_2W_S2_R1_001.trim_fastqc.zip, cRBCR2_TR1_300gy_2W/cRBCR2_TR1_300gy_2W_S2_R2_001.trim_fastqc.html, cRBCR2_TR1_300gy_2W/cRBCR2_TR1_300gy_2W_S2_R2_001.trim_fastqc.zip, cRBCR2_TR1_300gy_2W/cRBCR2_TR1_300gy_2W_S2_R1_001.trim.fastq, cRBCR2_TR1_300gy_2W/cRBCR2_TR1_300gy_2W_S2_R2_001.trim.fastq
