Building DAG of jobs...
Using shell: /usr/bin/bash
Provided cores: 1
Rules claiming more threads will be scaled down.
Job counts:
	count	jobs
	1	all
	1	collate_outputs
	2

[Tue Jun 18 15:05:07 2019]
rule collate_outputs:
    input: Sample1.txt, Sample2.txt
    output: test.txt
    jobid: 1

[Tue Jun 18 15:05:07 2019]
Finished job 1.
1 of 2 steps (50%) done

[Tue Jun 18 15:05:07 2019]
localrule all:
    input: test.txt
    jobid: 0

[Tue Jun 18 15:05:07 2019]
Finished job 0.
2 of 2 steps (100%) done
Complete log: /rugpfs/fs0/risc_lab/store/npagane/fastq2bam/.snakemake/log/2019-06-18T150507.280402.snakemake.log
