Building DAG of jobs...
Using shell: /usr/bin/bash
Provided cores: 1
Rules claiming more threads will be scaled down.
Job counts:
	count	jobs
	1	all
	1	collate_outputs
	2	quantify_genes
	4

[Tue Jun 18 15:12:58 2019]
rule quantify_genes:
    input: genome.fa, fastq/Sample1.R1.fastq.gz, fastq/Sample1.R2.fastq.gz
    output: Sample1.txt
    jobid: 2
    wildcards: sample=Sample1

[Tue Jun 18 15:12:58 2019]
Finished job 2.
1 of 4 steps (25%) done

[Tue Jun 18 15:12:58 2019]
rule quantify_genes:
    input: genome.fa, fastq/Sample2.R1.fastq.gz, fastq/Sample2.R2.fastq.gz
    output: Sample2.txt
    jobid: 3
    wildcards: sample=Sample2

[Tue Jun 18 15:12:58 2019]
Finished job 3.
2 of 4 steps (50%) done

[Tue Jun 18 15:12:58 2019]
rule collate_outputs:
    input: Sample1.txt, Sample2.txt
    output: test.txt
    jobid: 1

[Tue Jun 18 15:12:58 2019]
Finished job 1.
3 of 4 steps (75%) done

[Tue Jun 18 15:12:58 2019]
localrule all:
    input: test.txt
    jobid: 0

[Tue Jun 18 15:12:58 2019]
Finished job 0.
4 of 4 steps (100%) done
Complete log: /rugpfs/fs0/risc_lab/store/npagane/fastq2bam/.snakemake/log/2019-06-18T151258.013252.snakemake.log
